<?xml version="1.0" encoding="UTF-8"?>
<testng-results ignored="0" total="2" passed="2" failed="0" skipped="0">
  <reporter-output>
  </reporter-output>
  <suite started-at="2025-04-01T16:03:08 IST" name="Default suite" finished-at="2025-04-01T16:03:40 IST" duration-ms="32168">
    <groups>
    </groups>
    <test started-at="2025-04-01T16:03:08 IST" name="Default test" finished-at="2025-04-01T16:03:40 IST" duration-ms="32168">
      <class name="TestCases.ProductInformationTest">
        <test-method is-config="true" signature="setup(java.lang.String)[pri:0, instance:TestCases.ProductInformationTest@51399530]" started-at="2025-04-01T16:03:08 IST" name="setup" finished-at="2025-04-01T16:03:34 IST" duration-ms="26083" status="PASS">
          <params>
            <param index="0">
              <value>
                <![CDATA[chromium]]>
              </value>
            </param>
          </params>
          <reporter-output>
          </reporter-output>
        </test-method> <!-- setup -->
        <test-method signature="testProductPageUrl()[pri:1, instance:TestCases.ProductInformationTest@51399530]" started-at="2025-04-01T16:03:34 IST" name="testProductPageUrl" finished-at="2025-04-01T16:03:39 IST" duration-ms="4481" status="PASS">
          <reporter-output>
          </reporter-output>
        </test-method> <!-- testProductPageUrl -->
        <test-method signature="testProductInformationConsistency()[pri:2, instance:TestCases.ProductInformationTest@51399530]" started-at="2025-04-01T16:03:39 IST" name="testProductInformationConsistency" finished-at="2025-04-01T16:03:39 IST" duration-ms="504" status="PASS">
          <reporter-output>
          </reporter-output>
        </test-method> <!-- testProductInformationConsistency -->
        <test-method is-config="true" signature="tearDown()[pri:0, instance:TestCases.ProductInformationTest@51399530]" started-at="2025-04-01T16:03:39 IST" name="tearDown" finished-at="2025-04-01T16:03:40 IST" duration-ms="1010" status="PASS">
          <reporter-output>
          </reporter-output>
        </test-method> <!-- tearDown -->
      </class> <!-- TestCases.ProductInformationTest -->
    </test> <!-- Default test -->
  </suite> <!-- Default suite -->
</testng-results>
